<?xml version="1.0" encoding="UTF-8"?>
<coverage generated="1740891123858" clover="3.2.0">
  <project timestamp="1740891123858" name="All files">
    <metrics statements="45" coveredstatements="45" conditionals="24" coveredconditionals="22" methods="16" coveredmethods="16" elements="85" coveredelements="83" complexity="0" loc="45" ncloc="45" packages="2" files="7" classes="7"/>
    <package name="src">
      <metrics statements="10" coveredstatements="10" conditionals="0" coveredconditionals="0" methods="4" coveredmethods="4"/>
      <file name="App.jsx" path="C:\Users\smheg\personal\learning\CareerFoundry\JS\Acheivement4\meet-v4\src\App.jsx">
        <metrics statements="3" coveredstatements="3" conditionals="0" coveredconditionals="0" methods="1" coveredmethods="1"/>
        <line num="7" count="1" type="stmt"/>
        <line num="8" count="3" type="stmt"/>
        <line num="10" count="3" type="stmt"/>
      </file>
      <file name="api.js" path="C:\Users\smheg\personal\learning\CareerFoundry\JS\Acheivement4\meet-v4\src\api.js">
        <metrics statements="6" coveredstatements="6" conditionals="0" coveredconditionals="0" methods="3" coveredmethods="3"/>
        <line num="11" count="3" type="stmt"/>
        <line num="12" count="66" type="stmt"/>
        <line num="13" count="2" type="stmt"/>
        <line num="14" count="2" type="stmt"/>
        <line num="21" count="3" type="stmt"/>
        <line num="22" count="11" type="stmt"/>
      </file>
      <file name="mock-data.js" path="C:\Users\smheg\personal\learning\CareerFoundry\JS\Acheivement4\meet-v4\src\mock-data.js">
        <metrics statements="1" coveredstatements="1" conditionals="0" coveredconditionals="0" methods="0" coveredmethods="0"/>
        <line num="1" count="3" type="stmt"/>
      </file>
    </package>
    <package name="src.components">
      <metrics statements="35" coveredstatements="35" conditionals="24" coveredconditionals="22" methods="12" coveredmethods="12"/>
      <file name="CitySearch.jsx" path="C:\Users\smheg\personal\learning\CareerFoundry\JS\Acheivement4\meet-v4\src\components\CitySearch.jsx">
        <metrics statements="17" coveredstatements="17" conditionals="4" coveredconditionals="3" methods="6" coveredmethods="6"/>
        <line num="4" count="2" type="stmt"/>
        <line num="5" count="26" type="stmt"/>
        <line num="6" count="26" type="stmt"/>
        <line num="7" count="26" type="stmt"/>
        <line num="9" count="26" type="stmt"/>
        <line num="10" count="1" type="stmt"/>
        <line num="11" count="1" type="stmt"/>
        <line num="12" count="1" type="stmt"/>
        <line num="15" count="26" type="stmt"/>
        <line num="16" count="12" type="stmt"/>
        <line num="17" count="12" type="cond" truecount="1" falsecount="1"/>
        <line num="18" count="12" type="stmt"/>
        <line num="20" count="12" type="stmt"/>
        <line num="21" count="12" type="stmt"/>
        <line num="24" count="26" type="stmt"/>
        <line num="31" count="3" type="stmt"/>
        <line num="37" count="12" type="stmt"/>
      </file>
      <file name="Event.jsx" path="C:\Users\smheg\personal\learning\CareerFoundry\JS\Acheivement4\meet-v4\src\components\Event.jsx">
        <metrics statements="4" coveredstatements="4" conditionals="10" coveredconditionals="9" methods="2" coveredmethods="2"/>
        <line num="4" count="3" type="stmt"/>
        <line num="5" count="51" type="stmt"/>
        <line num="6" count="51" type="stmt"/>
        <line num="18" count="2" type="cond" truecount="1" falsecount="1"/>
      </file>
      <file name="EventList.jsx" path="C:\Users\smheg\personal\learning\CareerFoundry\JS\Acheivement4\meet-v4\src\components\EventList.jsx">
        <metrics statements="3" coveredstatements="3" conditionals="2" coveredconditionals="2" methods="2" coveredmethods="2"/>
        <line num="5" count="2" type="stmt"/>
        <line num="6" count="10" type="stmt"/>
        <line num="9" count="41" type="stmt"/>
      </file>
      <file name="NumberOfEvents.jsx" path="C:\Users\smheg\personal\learning\CareerFoundry\JS\Acheivement4\meet-v4\src\components\NumberOfEvents.jsx">
        <metrics statements="11" coveredstatements="11" conditionals="8" coveredconditionals="8" methods="2" coveredmethods="2"/>
        <line num="4" count="2" type="stmt"/>
        <line num="5" count="8" type="stmt"/>
        <line num="7" count="8" type="stmt"/>
        <line num="8" count="2" type="stmt"/>
        <line num="9" count="2" type="cond" truecount="4" falsecount="0"/>
        <line num="10" count="1" type="stmt"/>
        <line num="11" count="1" type="stmt"/>
        <line num="13" count="1" type="stmt"/>
        <line num="14" count="1" type="stmt"/>
        <line num="15" count="1" type="stmt"/>
        <line num="18" count="8" type="stmt"/>
      </file>
    </package>
  </project>
</coverage>
