{"C:\\Users\\smheg\\personal\\learning\\CareerFoundry\\JS\\Acheivement4\\meet-v4\\src\\App.jsx": {"path":"C:\\Users\\smheg\\personal\\learning\\CareerFoundry\\JS\\Acheivement4\\meet-v4\\src\\App.jsx","statementMap":{"0":{"start":{"line":9,"column":12},"end":{"line":33,"column":1}},"1":{"start":{"line":10,"column":30},"end":{"line":10,"column":42}},"2":{"start":{"line":11,"column":38},"end":{"line":11,"column":50}},"3":{"start":{"line":12,"column":42},"end":{"line":12,"column":54}},"4":{"start":{"line":13,"column":40},"end":{"line":13,"column":66}},"5":{"start":{"line":15,"column":20},"end":{"line":22,"column":3}},"6":{"start":{"line":16,"column":22},"end":{"line":16,"column":39}},"7":{"start":{"line":17,"column":27},"end":{"line":19,"column":62}},"8":{"start":{"line":19,"column":31},"end":{"line":19,"column":61}},"9":{"start":{"line":20,"column":4},"end":{"line":20,"column":51}},"10":{"start":{"line":21,"column":4},"end":{"line":21,"column":49}},"11":{"start":{"line":23,"column":2},"end":{"line":25,"column":20}},"12":{"start":{"line":24,"column":4},"end":{"line":24,"column":16}},"13":{"start":{"line":26,"column":2},"end":{"line":32,"column":4}}},"fnMap":{"0":{"name":"(anonymous_0)","decl":{"start":{"line":9,"column":12},"end":{"line":9,"column":13}},"loc":{"start":{"line":9,"column":18},"end":{"line":33,"column":1}},"line":9},"1":{"name":"(anonymous_1)","decl":{"start":{"line":15,"column":20},"end":{"line":15,"column":21}},"loc":{"start":{"line":15,"column":32},"end":{"line":22,"column":3}},"line":15},"2":{"name":"(anonymous_2)","decl":{"start":{"line":19,"column":22},"end":{"line":19,"column":23}},"loc":{"start":{"line":19,"column":31},"end":{"line":19,"column":61}},"line":19},"3":{"name":"(anonymous_3)","decl":{"start":{"line":23,"column":12},"end":{"line":23,"column":13}},"loc":{"start":{"line":23,"column":18},"end":{"line":25,"column":3}},"line":23}},"branchMap":{"0":{"loc":{"start":{"line":17,"column":27},"end":{"line":19,"column":62}},"type":"cond-expr","locations":[{"start":{"line":18,"column":5},"end":{"line":18,"column":14}},{"start":{"line":19,"column":5},"end":{"line":19,"column":62}}],"line":17}},"s":{"0":3,"1":12,"2":11,"3":11,"4":11,"5":11,"6":7,"7":7,"8":33,"9":7,"10":7,"11":11,"12":7,"13":11},"f":{"0":12,"1":7,"2":33,"3":7},"b":{"0":[6,1]},"_coverageSchema":"1a1c01bbd47fc00a2c39e90264f33305004495a9","hash":"3fc2c6df95c6edfcda9d7d8680243f3c6846ecf8"}
,"C:\\Users\\smheg\\personal\\learning\\CareerFoundry\\JS\\Acheivement4\\meet-v4\\src\\api.js": {"path":"C:\\Users\\smheg\\personal\\learning\\CareerFoundry\\JS\\Acheivement4\\meet-v4\\src\\api.js","statementMap":{"0":{"start":{"line":11,"column":32},"end":{"line":15,"column":1}},"1":{"start":{"line":12,"column":29},"end":{"line":12,"column":66}},"2":{"start":{"line":12,"column":51},"end":{"line":12,"column":65}},"3":{"start":{"line":13,"column":20},"end":{"line":13,"column":52}},"4":{"start":{"line":14,"column":2},"end":{"line":14,"column":19}},"5":{"start":{"line":21,"column":25},"end":{"line":23,"column":1}},"6":{"start":{"line":22,"column":2},"end":{"line":22,"column":18}}},"fnMap":{"0":{"name":"(anonymous_0)","decl":{"start":{"line":11,"column":32},"end":{"line":11,"column":33}},"loc":{"start":{"line":11,"column":44},"end":{"line":15,"column":1}},"line":11},"1":{"name":"(anonymous_1)","decl":{"start":{"line":12,"column":40},"end":{"line":12,"column":41}},"loc":{"start":{"line":12,"column":51},"end":{"line":12,"column":65}},"line":12},"2":{"name":"(anonymous_2)","decl":{"start":{"line":21,"column":25},"end":{"line":21,"column":26}},"loc":{"start":{"line":21,"column":37},"end":{"line":23,"column":1}},"line":21}},"branchMap":{},"s":{"0":5,"1":10,"2":330,"3":10,"4":10,"5":5,"6":19},"f":{"0":10,"1":330,"2":19},"b":{},"_coverageSchema":"1a1c01bbd47fc00a2c39e90264f33305004495a9","hash":"197b7be11e5941a0c8848b7d7623cf90bf603601"}
,"C:\\Users\\smheg\\personal\\learning\\CareerFoundry\\JS\\Acheivement4\\meet-v4\\src\\mock-data.js": {"path":"C:\\Users\\smheg\\personal\\learning\\CareerFoundry\\JS\\Acheivement4\\meet-v4\\src\\mock-data.js","statementMap":{"0":{"start":{"line":1,"column":17},"end":{"line":1355,"column":1}}},"fnMap":{},"branchMap":{},"s":{"0":5},"f":{},"b":{},"_coverageSchema":"1a1c01bbd47fc00a2c39e90264f33305004495a9","hash":"ff340535223fc63fb7111cae4f705d094c450aaf"}
,"C:\\Users\\smheg\\personal\\learning\\CareerFoundry\\JS\\Acheivement4\\meet-v4\\src\\components\\CitySearch.jsx": {"path":"C:\\Users\\smheg\\personal\\learning\\CareerFoundry\\JS\\Acheivement4\\meet-v4\\src\\components\\CitySearch.jsx","statementMap":{"0":{"start":{"line":4,"column":19},"end":{"line":51,"column":1}},"1":{"start":{"line":5,"column":48},"end":{"line":5,"column":63}},"2":{"start":{"line":6,"column":28},"end":{"line":6,"column":40}},"3":{"start":{"line":7,"column":40},"end":{"line":7,"column":52}},"4":{"start":{"line":9,"column":28},"end":{"line":14,"column":3}},"5":{"start":{"line":10,"column":18},"end":{"line":10,"column":42}},"6":{"start":{"line":11,"column":4},"end":{"line":11,"column":20}},"7":{"start":{"line":12,"column":4},"end":{"line":12,"column":30}},"8":{"start":{"line":13,"column":4},"end":{"line":13,"column":26}},"9":{"start":{"line":16,"column":29},"end":{"line":23,"column":3}},"10":{"start":{"line":17,"column":18},"end":{"line":17,"column":36}},"11":{"start":{"line":18,"column":30},"end":{"line":20,"column":11}},"12":{"start":{"line":19,"column":6},"end":{"line":19,"column":70}},"13":{"start":{"line":21,"column":4},"end":{"line":21,"column":20}},"14":{"start":{"line":22,"column":4},"end":{"line":22,"column":38}},"15":{"start":{"line":25,"column":2},"end":{"line":27,"column":26}},"16":{"start":{"line":26,"column":4},"end":{"line":26,"column":33}},"17":{"start":{"line":29,"column":2},"end":{"line":50,"column":11}},"18":{"start":{"line":36,"column":21},"end":{"line":36,"column":45}},"19":{"start":{"line":42,"column":10},"end":{"line":42,"column":83}}},"fnMap":{"0":{"name":"(anonymous_0)","decl":{"start":{"line":4,"column":19},"end":{"line":4,"column":20}},"loc":{"start":{"line":4,"column":54},"end":{"line":51,"column":1}},"line":4},"1":{"name":"(anonymous_1)","decl":{"start":{"line":9,"column":28},"end":{"line":9,"column":29}},"loc":{"start":{"line":9,"column":39},"end":{"line":14,"column":3}},"line":9},"2":{"name":"(anonymous_2)","decl":{"start":{"line":16,"column":29},"end":{"line":16,"column":30}},"loc":{"start":{"line":16,"column":40},"end":{"line":23,"column":3}},"line":16},"3":{"name":"(anonymous_3)","decl":{"start":{"line":18,"column":65},"end":{"line":18,"column":66}},"loc":{"start":{"line":18,"column":79},"end":{"line":20,"column":5}},"line":18},"4":{"name":"(anonymous_4)","decl":{"start":{"line":25,"column":12},"end":{"line":25,"column":13}},"loc":{"start":{"line":25,"column":18},"end":{"line":27,"column":3}},"line":25},"5":{"name":"(anonymous_5)","decl":{"start":{"line":36,"column":15},"end":{"line":36,"column":16}},"loc":{"start":{"line":36,"column":21},"end":{"line":36,"column":45}},"line":36},"6":{"name":"(anonymous_6)","decl":{"start":{"line":41,"column":25},"end":{"line":41,"column":26}},"loc":{"start":{"line":41,"column":41},"end":{"line":43,"column":9}},"line":41}},"branchMap":{"0":{"loc":{"start":{"line":18,"column":30},"end":{"line":20,"column":11}},"type":"cond-expr","locations":[{"start":{"line":18,"column":45},"end":{"line":20,"column":6}},{"start":{"line":20,"column":9},"end":{"line":20,"column":11}}],"line":18},"1":{"loc":{"start":{"line":39,"column":5},"end":{"line":48,"column":12}},"type":"cond-expr","locations":[{"start":{"line":40,"column":6},"end":{"line":47,"column":11}},{"start":{"line":48,"column":8},"end":{"line":48,"column":12}}],"line":39}},"s":{"0":3,"1":58,"2":58,"3":58,"4":58,"5":2,"6":2,"7":2,"8":2,"9":58,"10":18,"11":18,"12":18,"13":18,"14":18,"15":58,"16":16,"17":58,"18":5,"19":22},"f":{"0":58,"1":2,"2":18,"3":18,"4":16,"5":5,"6":22},"b":{"0":[18,0],"1":[24,34]},"_coverageSchema":"1a1c01bbd47fc00a2c39e90264f33305004495a9","hash":"2fc07133b4744ec315583bbfaf3a9ab99a4e8b0a"}
,"C:\\Users\\smheg\\personal\\learning\\CareerFoundry\\JS\\Acheivement4\\meet-v4\\src\\components\\Event.jsx": {"path":"C:\\Users\\smheg\\personal\\learning\\CareerFoundry\\JS\\Acheivement4\\meet-v4\\src\\components\\Event.jsx","statementMap":{"0":{"start":{"line":4,"column":14},"end":{"line":25,"column":1}},"1":{"start":{"line":5,"column":39},"end":{"line":5,"column":54}},"2":{"start":{"line":6,"column":2},"end":{"line":24,"column":4}},"3":{"start":{"line":18,"column":5},"end":{"line":18,"column":64}}},"fnMap":{"0":{"name":"(anonymous_0)","decl":{"start":{"line":4,"column":14},"end":{"line":4,"column":15}},"loc":{"start":{"line":4,"column":27},"end":{"line":25,"column":1}},"line":4},"1":{"name":"(anonymous_1)","decl":{"start":{"line":17,"column":13},"end":{"line":17,"column":14}},"loc":{"start":{"line":17,"column":19},"end":{"line":19,"column":5}},"line":17}},"branchMap":{"0":{"loc":{"start":{"line":10,"column":10},"end":{"line":10,"column":56}},"type":"binary-expr","locations":[{"start":{"line":10,"column":10},"end":{"line":10,"column":15}},{"start":{"line":10,"column":19},"end":{"line":10,"column":56}}],"line":10},"1":{"loc":{"start":{"line":12,"column":7},"end":{"line":12,"column":134}},"type":"cond-expr","locations":[{"start":{"line":12,"column":22},"end":{"line":12,"column":128}},{"start":{"line":12,"column":130},"end":{"line":12,"column":134}}],"line":12},"2":{"loc":{"start":{"line":12,"column":97},"end":{"line":12,"column":123}},"type":"binary-expr","locations":[{"start":{"line":12,"column":97},"end":{"line":12,"column":102}},{"start":{"line":12,"column":106},"end":{"line":12,"column":123}}],"line":12},"3":{"loc":{"start":{"line":18,"column":5},"end":{"line":18,"column":63}},"type":"cond-expr","locations":[{"start":{"line":18,"column":19},"end":{"line":18,"column":40}},{"start":{"line":18,"column":43},"end":{"line":18,"column":63}}],"line":18},"4":{"loc":{"start":{"line":21,"column":5},"end":{"line":21,"column":50}},"type":"cond-expr","locations":[{"start":{"line":21,"column":19},"end":{"line":21,"column":33}},{"start":{"line":21,"column":36},"end":{"line":21,"column":50}}],"line":21}},"s":{"0":4,"1":174,"2":174,"3":2},"f":{"0":174,"1":2},"b":{"0":[174,174],"1":[2,172],"2":[2,2],"3":[0,2],"4":[2,172]},"_coverageSchema":"1a1c01bbd47fc00a2c39e90264f33305004495a9","hash":"df7f53fe52877aecc90cd83c25c6a36c24aa254d"}
,"C:\\Users\\smheg\\personal\\learning\\CareerFoundry\\JS\\Acheivement4\\meet-v4\\src\\components\\EventList.jsx": {"path":"C:\\Users\\smheg\\personal\\learning\\CareerFoundry\\JS\\Acheivement4\\meet-v4\\src\\components\\EventList.jsx","statementMap":{"0":{"start":{"line":5,"column":18},"end":{"line":13,"column":1}},"1":{"start":{"line":6,"column":2},"end":{"line":12,"column":4}},"2":{"start":{"line":9,"column":27},"end":{"line":9,"column":65}}},"fnMap":{"0":{"name":"(anonymous_0)","decl":{"start":{"line":5,"column":18},"end":{"line":5,"column":19}},"loc":{"start":{"line":5,"column":34},"end":{"line":13,"column":1}},"line":5},"1":{"name":"(anonymous_1)","decl":{"start":{"line":9,"column":18},"end":{"line":9,"column":19}},"loc":{"start":{"line":9,"column":27},"end":{"line":9,"column":65}},"line":9}},"branchMap":{"0":{"loc":{"start":{"line":8,"column":6},"end":{"line":10,"column":11}},"type":"cond-expr","locations":[{"start":{"line":9,"column":7},"end":{"line":9,"column":66}},{"start":{"line":10,"column":7},"end":{"line":10,"column":11}}],"line":8}},"s":{"0":3,"1":14,"2":164},"f":{"0":14,"1":164},"b":{"0":[12,2]},"_coverageSchema":"1a1c01bbd47fc00a2c39e90264f33305004495a9","hash":"c4a0d94eb6afd9b616474a6e518c040273761f55"}
,"C:\\Users\\smheg\\personal\\learning\\CareerFoundry\\JS\\Acheivement4\\meet-v4\\src\\components\\NumberOfEvents.jsx": {"path":"C:\\Users\\smheg\\personal\\learning\\CareerFoundry\\JS\\Acheivement4\\meet-v4\\src\\components\\NumberOfEvents.jsx","statementMap":{"0":{"start":{"line":4,"column":23},"end":{"line":34,"column":1}},"1":{"start":{"line":5,"column":30},"end":{"line":5,"column":42}},"2":{"start":{"line":7,"column":31},"end":{"line":17,"column":5}},"3":{"start":{"line":8,"column":22},"end":{"line":8,"column":54}},"4":{"start":{"line":9,"column":8},"end":{"line":16,"column":9}},"5":{"start":{"line":10,"column":12},"end":{"line":10,"column":51}},"6":{"start":{"line":11,"column":12},"end":{"line":11,"column":56}},"7":{"start":{"line":13,"column":12},"end":{"line":13,"column":25}},"8":{"start":{"line":14,"column":12},"end":{"line":14,"column":30}},"9":{"start":{"line":15,"column":12},"end":{"line":15,"column":37}},"10":{"start":{"line":18,"column":2},"end":{"line":33,"column":11}}},"fnMap":{"0":{"name":"(anonymous_0)","decl":{"start":{"line":4,"column":23},"end":{"line":4,"column":24}},"loc":{"start":{"line":4,"column":81},"end":{"line":34,"column":1}},"line":4},"1":{"name":"(anonymous_1)","decl":{"start":{"line":7,"column":31},"end":{"line":7,"column":32}},"loc":{"start":{"line":7,"column":42},"end":{"line":17,"column":5}},"line":7}},"branchMap":{"0":{"loc":{"start":{"line":9,"column":8},"end":{"line":16,"column":9}},"type":"if","locations":[{"start":{"line":9,"column":8},"end":{"line":16,"column":9}},{"start":{"line":12,"column":15},"end":{"line":16,"column":9}}],"line":9},"1":{"loc":{"start":{"line":9,"column":12},"end":{"line":9,"column":35}},"type":"binary-expr","locations":[{"start":{"line":9,"column":12},"end":{"line":9,"column":21}},{"start":{"line":9,"column":25},"end":{"line":9,"column":35}}],"line":9},"2":{"loc":{"start":{"line":25,"column":19},"end":{"line":25,"column":39}},"type":"binary-expr","locations":[{"start":{"line":25,"column":19},"end":{"line":25,"column":33}},{"start":{"line":25,"column":37},"end":{"line":25,"column":39}}],"line":25},"3":{"loc":{"start":{"line":32,"column":9},"end":{"line":32,"column":60}},"type":"binary-expr","locations":[{"start":{"line":32,"column":9},"end":{"line":32,"column":14}},{"start":{"line":32,"column":18},"end":{"line":32,"column":60}}],"line":32}},"s":{"0":4,"1":16,"2":16,"3":2,"4":2,"5":1,"6":1,"7":1,"8":1,"9":1,"10":16},"f":{"0":16,"1":2},"b":{"0":[1,1],"1":[2,1],"2":[16,11],"3":[16,1]},"_coverageSchema":"1a1c01bbd47fc00a2c39e90264f33305004495a9","hash":"689d338dbab9b5d2aad18eb4059345f741bc153a"}
}
