{"C:\\Users\\smheg\\personal\\learning\\CareerFoundry\\JS\\Acheivement4\\meet-v4\\src\\App.jsx": {"path":"C:\\Users\\smheg\\personal\\learning\\CareerFoundry\\JS\\Acheivement4\\meet-v4\\src\\App.jsx","statementMap":{"0":{"start":{"line":7,"column":12},"end":{"line":17,"column":1}},"1":{"start":{"line":8,"column":38},"end":{"line":8,"column":50}},"2":{"start":{"line":10,"column":2},"end":{"line":16,"column":4}}},"fnMap":{"0":{"name":"(anonymous_0)","decl":{"start":{"line":7,"column":12},"end":{"line":7,"column":13}},"loc":{"start":{"line":7,"column":18},"end":{"line":17,"column":1}},"line":7}},"branchMap":{},"s":{"0":1,"1":3,"2":3},"f":{"0":3},"b":{},"_coverageSchema":"1a1c01bbd47fc00a2c39e90264f33305004495a9","hash":"d422d300fe3687261be785dd1b8dbe9f29e248a4"}
,"C:\\Users\\smheg\\personal\\learning\\CareerFoundry\\JS\\Acheivement4\\meet-v4\\src\\api.js": {"path":"C:\\Users\\smheg\\personal\\learning\\CareerFoundry\\JS\\Acheivement4\\meet-v4\\src\\api.js","statementMap":{"0":{"start":{"line":11,"column":32},"end":{"line":15,"column":1}},"1":{"start":{"line":12,"column":29},"end":{"line":12,"column":66}},"2":{"start":{"line":12,"column":51},"end":{"line":12,"column":65}},"3":{"start":{"line":13,"column":20},"end":{"line":13,"column":52}},"4":{"start":{"line":14,"column":2},"end":{"line":14,"column":19}},"5":{"start":{"line":21,"column":25},"end":{"line":23,"column":1}},"6":{"start":{"line":22,"column":2},"end":{"line":22,"column":18}}},"fnMap":{"0":{"name":"(anonymous_0)","decl":{"start":{"line":11,"column":32},"end":{"line":11,"column":33}},"loc":{"start":{"line":11,"column":44},"end":{"line":15,"column":1}},"line":11},"1":{"name":"(anonymous_1)","decl":{"start":{"line":12,"column":40},"end":{"line":12,"column":41}},"loc":{"start":{"line":12,"column":51},"end":{"line":12,"column":65}},"line":12},"2":{"name":"(anonymous_2)","decl":{"start":{"line":21,"column":25},"end":{"line":21,"column":26}},"loc":{"start":{"line":21,"column":37},"end":{"line":23,"column":1}},"line":21}},"branchMap":{},"s":{"0":3,"1":2,"2":66,"3":2,"4":2,"5":3,"6":11},"f":{"0":2,"1":66,"2":11},"b":{},"_coverageSchema":"1a1c01bbd47fc00a2c39e90264f33305004495a9","hash":"197b7be11e5941a0c8848b7d7623cf90bf603601"}
,"C:\\Users\\smheg\\personal\\learning\\CareerFoundry\\JS\\Acheivement4\\meet-v4\\src\\mock-data.js": {"path":"C:\\Users\\smheg\\personal\\learning\\CareerFoundry\\JS\\Acheivement4\\meet-v4\\src\\mock-data.js","statementMap":{"0":{"start":{"line":1,"column":17},"end":{"line":1355,"column":1}}},"fnMap":{},"branchMap":{},"s":{"0":3},"f":{},"b":{},"_coverageSchema":"1a1c01bbd47fc00a2c39e90264f33305004495a9","hash":"ff340535223fc63fb7111cae4f705d094c450aaf"}
,"C:\\Users\\smheg\\personal\\learning\\CareerFoundry\\JS\\Acheivement4\\meet-v4\\src\\components\\CitySearch.jsx": {"path":"C:\\Users\\smheg\\personal\\learning\\CareerFoundry\\JS\\Acheivement4\\meet-v4\\src\\components\\CitySearch.jsx","statementMap":{"0":{"start":{"line":4,"column":19},"end":{"line":46,"column":1}},"1":{"start":{"line":5,"column":48},"end":{"line":5,"column":63}},"2":{"start":{"line":6,"column":28},"end":{"line":6,"column":40}},"3":{"start":{"line":7,"column":40},"end":{"line":7,"column":52}},"4":{"start":{"line":9,"column":28},"end":{"line":13,"column":3}},"5":{"start":{"line":10,"column":18},"end":{"line":10,"column":42}},"6":{"start":{"line":11,"column":4},"end":{"line":11,"column":20}},"7":{"start":{"line":12,"column":4},"end":{"line":12,"column":30}},"8":{"start":{"line":15,"column":29},"end":{"line":22,"column":3}},"9":{"start":{"line":16,"column":18},"end":{"line":16,"column":36}},"10":{"start":{"line":17,"column":30},"end":{"line":19,"column":11}},"11":{"start":{"line":18,"column":6},"end":{"line":18,"column":70}},"12":{"start":{"line":20,"column":4},"end":{"line":20,"column":20}},"13":{"start":{"line":21,"column":4},"end":{"line":21,"column":38}},"14":{"start":{"line":24,"column":2},"end":{"line":45,"column":11}},"15":{"start":{"line":31,"column":21},"end":{"line":31,"column":45}},"16":{"start":{"line":37,"column":10},"end":{"line":37,"column":83}}},"fnMap":{"0":{"name":"(anonymous_0)","decl":{"start":{"line":4,"column":19},"end":{"line":4,"column":20}},"loc":{"start":{"line":4,"column":39},"end":{"line":46,"column":1}},"line":4},"1":{"name":"(anonymous_1)","decl":{"start":{"line":9,"column":28},"end":{"line":9,"column":29}},"loc":{"start":{"line":9,"column":39},"end":{"line":13,"column":3}},"line":9},"2":{"name":"(anonymous_2)","decl":{"start":{"line":15,"column":29},"end":{"line":15,"column":30}},"loc":{"start":{"line":15,"column":40},"end":{"line":22,"column":3}},"line":15},"3":{"name":"(anonymous_3)","decl":{"start":{"line":17,"column":65},"end":{"line":17,"column":66}},"loc":{"start":{"line":17,"column":79},"end":{"line":19,"column":5}},"line":17},"4":{"name":"(anonymous_4)","decl":{"start":{"line":31,"column":15},"end":{"line":31,"column":16}},"loc":{"start":{"line":31,"column":21},"end":{"line":31,"column":45}},"line":31},"5":{"name":"(anonymous_5)","decl":{"start":{"line":36,"column":25},"end":{"line":36,"column":26}},"loc":{"start":{"line":36,"column":41},"end":{"line":38,"column":9}},"line":36}},"branchMap":{"0":{"loc":{"start":{"line":17,"column":30},"end":{"line":19,"column":11}},"type":"cond-expr","locations":[{"start":{"line":17,"column":45},"end":{"line":19,"column":6}},{"start":{"line":19,"column":9},"end":{"line":19,"column":11}}],"line":17},"1":{"loc":{"start":{"line":34,"column":5},"end":{"line":43,"column":12}},"type":"cond-expr","locations":[{"start":{"line":35,"column":6},"end":{"line":42,"column":11}},{"start":{"line":43,"column":8},"end":{"line":43,"column":12}}],"line":34}},"s":{"0":2,"1":26,"2":26,"3":26,"4":26,"5":1,"6":1,"7":1,"8":26,"9":12,"10":12,"11":12,"12":12,"13":12,"14":26,"15":3,"16":12},"f":{"0":26,"1":1,"2":12,"3":12,"4":3,"5":12},"b":{"0":[12,0],"1":[15,11]},"_coverageSchema":"1a1c01bbd47fc00a2c39e90264f33305004495a9","hash":"18f5ac56287fdc65544b9441409bdaf51a2e7ba0"}
,"C:\\Users\\smheg\\personal\\learning\\CareerFoundry\\JS\\Acheivement4\\meet-v4\\src\\components\\Event.jsx": {"path":"C:\\Users\\smheg\\personal\\learning\\CareerFoundry\\JS\\Acheivement4\\meet-v4\\src\\components\\Event.jsx","statementMap":{"0":{"start":{"line":4,"column":14},"end":{"line":25,"column":1}},"1":{"start":{"line":5,"column":39},"end":{"line":5,"column":54}},"2":{"start":{"line":6,"column":2},"end":{"line":24,"column":4}},"3":{"start":{"line":18,"column":5},"end":{"line":18,"column":64}}},"fnMap":{"0":{"name":"(anonymous_0)","decl":{"start":{"line":4,"column":14},"end":{"line":4,"column":15}},"loc":{"start":{"line":4,"column":27},"end":{"line":25,"column":1}},"line":4},"1":{"name":"(anonymous_1)","decl":{"start":{"line":17,"column":13},"end":{"line":17,"column":14}},"loc":{"start":{"line":17,"column":19},"end":{"line":19,"column":5}},"line":17}},"branchMap":{"0":{"loc":{"start":{"line":10,"column":10},"end":{"line":10,"column":56}},"type":"binary-expr","locations":[{"start":{"line":10,"column":10},"end":{"line":10,"column":15}},{"start":{"line":10,"column":19},"end":{"line":10,"column":56}}],"line":10},"1":{"loc":{"start":{"line":12,"column":7},"end":{"line":12,"column":134}},"type":"cond-expr","locations":[{"start":{"line":12,"column":22},"end":{"line":12,"column":128}},{"start":{"line":12,"column":130},"end":{"line":12,"column":134}}],"line":12},"2":{"loc":{"start":{"line":12,"column":97},"end":{"line":12,"column":123}},"type":"binary-expr","locations":[{"start":{"line":12,"column":97},"end":{"line":12,"column":102}},{"start":{"line":12,"column":106},"end":{"line":12,"column":123}}],"line":12},"3":{"loc":{"start":{"line":18,"column":5},"end":{"line":18,"column":63}},"type":"cond-expr","locations":[{"start":{"line":18,"column":19},"end":{"line":18,"column":40}},{"start":{"line":18,"column":43},"end":{"line":18,"column":63}}],"line":18},"4":{"loc":{"start":{"line":21,"column":5},"end":{"line":21,"column":50}},"type":"cond-expr","locations":[{"start":{"line":21,"column":19},"end":{"line":21,"column":33}},{"start":{"line":21,"column":36},"end":{"line":21,"column":50}}],"line":21}},"s":{"0":3,"1":51,"2":51,"3":2},"f":{"0":51,"1":2},"b":{"0":[51,51],"1":[2,49],"2":[2,2],"3":[0,2],"4":[2,49]},"_coverageSchema":"1a1c01bbd47fc00a2c39e90264f33305004495a9","hash":"df7f53fe52877aecc90cd83c25c6a36c24aa254d"}
,"C:\\Users\\smheg\\personal\\learning\\CareerFoundry\\JS\\Acheivement4\\meet-v4\\src\\components\\EventList.jsx": {"path":"C:\\Users\\smheg\\personal\\learning\\CareerFoundry\\JS\\Acheivement4\\meet-v4\\src\\components\\EventList.jsx","statementMap":{"0":{"start":{"line":5,"column":18},"end":{"line":13,"column":1}},"1":{"start":{"line":6,"column":2},"end":{"line":12,"column":4}},"2":{"start":{"line":9,"column":27},"end":{"line":9,"column":65}}},"fnMap":{"0":{"name":"(anonymous_0)","decl":{"start":{"line":5,"column":18},"end":{"line":5,"column":19}},"loc":{"start":{"line":5,"column":34},"end":{"line":13,"column":1}},"line":5},"1":{"name":"(anonymous_1)","decl":{"start":{"line":9,"column":18},"end":{"line":9,"column":19}},"loc":{"start":{"line":9,"column":27},"end":{"line":9,"column":65}},"line":9}},"branchMap":{"0":{"loc":{"start":{"line":8,"column":6},"end":{"line":10,"column":11}},"type":"cond-expr","locations":[{"start":{"line":9,"column":7},"end":{"line":9,"column":66}},{"start":{"line":10,"column":7},"end":{"line":10,"column":11}}],"line":8}},"s":{"0":2,"1":10,"2":41},"f":{"0":10,"1":41},"b":{"0":[3,7]},"_coverageSchema":"1a1c01bbd47fc00a2c39e90264f33305004495a9","hash":"c4a0d94eb6afd9b616474a6e518c040273761f55"}
,"C:\\Users\\smheg\\personal\\learning\\CareerFoundry\\JS\\Acheivement4\\meet-v4\\src\\components\\NumberOfEvents.jsx": {"path":"C:\\Users\\smheg\\personal\\learning\\CareerFoundry\\JS\\Acheivement4\\meet-v4\\src\\components\\NumberOfEvents.jsx","statementMap":{"0":{"start":{"line":4,"column":23},"end":{"line":34,"column":1}},"1":{"start":{"line":5,"column":30},"end":{"line":5,"column":42}},"2":{"start":{"line":7,"column":31},"end":{"line":17,"column":5}},"3":{"start":{"line":8,"column":22},"end":{"line":8,"column":54}},"4":{"start":{"line":9,"column":8},"end":{"line":16,"column":9}},"5":{"start":{"line":10,"column":12},"end":{"line":10,"column":51}},"6":{"start":{"line":11,"column":12},"end":{"line":11,"column":56}},"7":{"start":{"line":13,"column":12},"end":{"line":13,"column":25}},"8":{"start":{"line":14,"column":12},"end":{"line":14,"column":30}},"9":{"start":{"line":15,"column":12},"end":{"line":15,"column":37}},"10":{"start":{"line":18,"column":2},"end":{"line":33,"column":11}}},"fnMap":{"0":{"name":"(anonymous_0)","decl":{"start":{"line":4,"column":23},"end":{"line":4,"column":24}},"loc":{"start":{"line":4,"column":81},"end":{"line":34,"column":1}},"line":4},"1":{"name":"(anonymous_1)","decl":{"start":{"line":7,"column":31},"end":{"line":7,"column":32}},"loc":{"start":{"line":7,"column":42},"end":{"line":17,"column":5}},"line":7}},"branchMap":{"0":{"loc":{"start":{"line":9,"column":8},"end":{"line":16,"column":9}},"type":"if","locations":[{"start":{"line":9,"column":8},"end":{"line":16,"column":9}},{"start":{"line":12,"column":15},"end":{"line":16,"column":9}}],"line":9},"1":{"loc":{"start":{"line":9,"column":12},"end":{"line":9,"column":35}},"type":"binary-expr","locations":[{"start":{"line":9,"column":12},"end":{"line":9,"column":21}},{"start":{"line":9,"column":25},"end":{"line":9,"column":35}}],"line":9},"2":{"loc":{"start":{"line":25,"column":19},"end":{"line":25,"column":39}},"type":"binary-expr","locations":[{"start":{"line":25,"column":19},"end":{"line":25,"column":33}},{"start":{"line":25,"column":37},"end":{"line":25,"column":39}}],"line":25},"3":{"loc":{"start":{"line":32,"column":9},"end":{"line":32,"column":60}},"type":"binary-expr","locations":[{"start":{"line":32,"column":9},"end":{"line":32,"column":14}},{"start":{"line":32,"column":18},"end":{"line":32,"column":60}}],"line":32}},"s":{"0":2,"1":8,"2":8,"3":2,"4":2,"5":1,"6":1,"7":1,"8":1,"9":1,"10":8},"f":{"0":8,"1":2},"b":{"0":[1,1],"1":[2,1],"2":[8,3],"3":[8,1]},"_coverageSchema":"1a1c01bbd47fc00a2c39e90264f33305004495a9","hash":"689d338dbab9b5d2aad18eb4059345f741bc153a"}
}
