TN:
SF:src\App.jsx
FN:9,(anonymous_0)
FN:15,(anonymous_1)
FN:19,(anonymous_2)
FN:23,(anonymous_3)
FNF:4
FNH:4
FNDA:12,(anonymous_0)
FNDA:7,(anonymous_1)
FNDA:33,(anonymous_2)
FNDA:7,(anonymous_3)
DA:9,3
DA:10,12
DA:11,11
DA:12,11
DA:13,11
DA:15,11
DA:16,7
DA:17,7
DA:19,33
DA:20,7
DA:21,7
DA:23,11
DA:24,7
DA:26,11
LF:14
LH:14
BRDA:17,0,0,6
BRDA:17,0,1,1
BRF:2
BRH:2
end_of_record
TN:
SF:src\api.js
FN:11,(anonymous_0)
FN:12,(anonymous_1)
FN:21,(anonymous_2)
FNF:3
FNH:3
FNDA:10,(anonymous_0)
FNDA:330,(anonymous_1)
FNDA:19,(anonymous_2)
DA:11,5
DA:12,330
DA:13,10
DA:14,10
DA:21,5
DA:22,19
LF:6
LH:6
BRF:0
BRH:0
end_of_record
TN:
SF:src\mock-data.js
FNF:0
FNH:0
DA:1,5
LF:1
LH:1
BRF:0
BRH:0
end_of_record
TN:
SF:src\components\CitySearch.jsx
FN:4,(anonymous_0)
FN:9,(anonymous_1)
FN:16,(anonymous_2)
FN:18,(anonymous_3)
FN:25,(anonymous_4)
FN:36,(anonymous_5)
FN:41,(anonymous_6)
FNF:7
FNH:7
FNDA:58,(anonymous_0)
FNDA:2,(anonymous_1)
FNDA:18,(anonymous_2)
FNDA:18,(anonymous_3)
FNDA:16,(anonymous_4)
FNDA:5,(anonymous_5)
FNDA:22,(anonymous_6)
DA:4,3
DA:5,58
DA:6,58
DA:7,58
DA:9,58
DA:10,2
DA:11,2
DA:12,2
DA:13,2
DA:16,58
DA:17,18
DA:18,18
DA:19,18
DA:21,18
DA:22,18
DA:25,58
DA:26,16
DA:29,58
DA:36,5
DA:42,22
LF:20
LH:20
BRDA:18,0,0,18
BRDA:18,0,1,0
BRDA:39,1,0,24
BRDA:39,1,1,34
BRF:4
BRH:3
end_of_record
TN:
SF:src\components\Event.jsx
FN:4,(anonymous_0)
FN:17,(anonymous_1)
FNF:2
FNH:2
FNDA:174,(anonymous_0)
FNDA:2,(anonymous_1)
DA:4,4
DA:5,174
DA:6,174
DA:18,2
LF:4
LH:4
BRDA:10,0,0,174
BRDA:10,0,1,174
BRDA:12,1,0,2
BRDA:12,1,1,172
BRDA:12,2,0,2
BRDA:12,2,1,2
BRDA:18,3,0,0
BRDA:18,3,1,2
BRDA:21,4,0,2
BRDA:21,4,1,172
BRF:10
BRH:9
end_of_record
TN:
SF:src\components\EventList.jsx
FN:5,(anonymous_0)
FN:9,(anonymous_1)
FNF:2
FNH:2
FNDA:14,(anonymous_0)
FNDA:164,(anonymous_1)
DA:5,3
DA:6,14
DA:9,164
LF:3
LH:3
BRDA:8,0,0,12
BRDA:8,0,1,2
BRF:2
BRH:2
end_of_record
TN:
SF:src\components\NumberOfEvents.jsx
FN:4,(anonymous_0)
FN:7,(anonymous_1)
FNF:2
FNH:2
FNDA:16,(anonymous_0)
FNDA:2,(anonymous_1)
DA:4,4
DA:5,16
DA:7,16
DA:8,2
DA:9,2
DA:10,1
DA:11,1
DA:13,1
DA:14,1
DA:15,1
DA:18,16
LF:11
LH:11
BRDA:9,0,0,1
BRDA:9,0,1,1
BRDA:9,1,0,2
BRDA:9,1,1,1
BRDA:25,2,0,16
BRDA:25,2,1,11
BRDA:32,3,0,16
BRDA:32,3,1,1
BRF:8
BRH:8
end_of_record
