TN:
SF:src\App.jsx
FN:7,(anonymous_0)
FNF:1
FNH:1
FNDA:3,(anonymous_0)
DA:7,1
DA:8,3
DA:10,3
LF:3
LH:3
BRF:0
BRH:0
end_of_record
TN:
SF:src\api.js
FN:11,(anonymous_0)
FN:12,(anonymous_1)
FN:21,(anonymous_2)
FNF:3
FNH:3
FNDA:2,(anonymous_0)
FNDA:66,(anonymous_1)
FNDA:11,(anonymous_2)
DA:11,3
DA:12,66
DA:13,2
DA:14,2
DA:21,3
DA:22,11
LF:6
LH:6
BRF:0
BRH:0
end_of_record
TN:
SF:src\mock-data.js
FNF:0
FNH:0
DA:1,3
LF:1
LH:1
BRF:0
BRH:0
end_of_record
TN:
SF:src\components\CitySearch.jsx
FN:4,(anonymous_0)
FN:9,(anonymous_1)
FN:15,(anonymous_2)
FN:17,(anonymous_3)
FN:31,(anonymous_4)
FN:36,(anonymous_5)
FNF:6
FNH:6
FNDA:26,(anonymous_0)
FNDA:1,(anonymous_1)
FNDA:12,(anonymous_2)
FNDA:12,(anonymous_3)
FNDA:3,(anonymous_4)
FNDA:12,(anonymous_5)
DA:4,2
DA:5,26
DA:6,26
DA:7,26
DA:9,26
DA:10,1
DA:11,1
DA:12,1
DA:15,26
DA:16,12
DA:17,12
DA:18,12
DA:20,12
DA:21,12
DA:24,26
DA:31,3
DA:37,12
LF:17
LH:17
BRDA:17,0,0,12
BRDA:17,0,1,0
BRDA:34,1,0,15
BRDA:34,1,1,11
BRF:4
BRH:3
end_of_record
TN:
SF:src\components\Event.jsx
FN:4,(anonymous_0)
FN:17,(anonymous_1)
FNF:2
FNH:2
FNDA:51,(anonymous_0)
FNDA:2,(anonymous_1)
DA:4,3
DA:5,51
DA:6,51
DA:18,2
LF:4
LH:4
BRDA:10,0,0,51
BRDA:10,0,1,51
BRDA:12,1,0,2
BRDA:12,1,1,49
BRDA:12,2,0,2
BRDA:12,2,1,2
BRDA:18,3,0,0
BRDA:18,3,1,2
BRDA:21,4,0,2
BRDA:21,4,1,49
BRF:10
BRH:9
end_of_record
TN:
SF:src\components\EventList.jsx
FN:5,(anonymous_0)
FN:9,(anonymous_1)
FNF:2
FNH:2
FNDA:10,(anonymous_0)
FNDA:41,(anonymous_1)
DA:5,2
DA:6,10
DA:9,41
LF:3
LH:3
BRDA:8,0,0,3
BRDA:8,0,1,7
BRF:2
BRH:2
end_of_record
TN:
SF:src\components\NumberOfEvents.jsx
FN:4,(anonymous_0)
FN:7,(anonymous_1)
FNF:2
FNH:2
FNDA:8,(anonymous_0)
FNDA:2,(anonymous_1)
DA:4,2
DA:5,8
DA:7,8
DA:8,2
DA:9,2
DA:10,1
DA:11,1
DA:13,1
DA:14,1
DA:15,1
DA:18,8
LF:11
LH:11
BRDA:9,0,0,1
BRDA:9,0,1,1
BRDA:9,1,0,2
BRDA:9,1,1,1
BRDA:25,2,0,8
BRDA:25,2,1,3
BRDA:32,3,0,8
BRDA:32,3,1,1
BRF:8
BRH:8
end_of_record
